#
# There is insufficient memory for the Java Runtime Environment to continue.
# Native memory allocation (mmap) failed to map 65536 bytes for Failed to commit metaspace.
# Possible reasons:
#   The system is out of physical RAM or swap space
#   The process is running with CompressedOops enabled, and the Java Heap may be blocking the growth of the native heap
# Possible solutions:
#   Reduce memory load on the system
#   Increase physical memory or swap space
#   Check if swap backing store is full
#   Decrease Java heap size (-Xmx/-Xms)
#   Decrease number of Java threads
#   Decrease Java thread stack sizes (-Xss)
#   Set larger code cache with -XX:ReservedCodeCacheSize=
#   JVM is running with Unscaled Compressed Oops mode in which the Java heap is
#     placed in the first 4GB address space. The Java Heap base address is the
#     maximum limit for the native heap growth. Please use -XX:HeapBaseMinAddress
#     to set the Java Heap base and to place the Java Heap above 4GB virtual address.
# This output file may be truncated or incomplete.
#
#  Out of Memory Error (virtualSpaceNode.cpp:110), pid=14184, tid=7652
#
# JRE version: Java(TM) SE Runtime Environment (20.0.1+9) (build 20.0.1+9-29)
# Java VM: Java HotSpot(TM) 64-Bit Server VM (20.0.1+9-29, mixed mode, tiered, compressed oops, compressed class ptrs, g1 gc, windows-amd64)
# No core dump will be written. Minidumps are not enabled by default on client versions of Windows
#

---------------  S U M M A R Y ------------

Command Line: -Dfile.encoding=UTF-8 --module-path=D:\Personal Blog Website\bank management system\build\classes bank.management.system.Login

Host: 11th Gen Intel(R) Core(TM) i5-1135G7 @ 2.40GHz, 8 cores, 7G,  Windows 11 , 64 bit Build 22621 (10.0.22621.3672)
Time: Sat Jun 29 17:13:44 2024 India Standard Time elapsed time: 0.773405 seconds (0d 0h 0m 0s)

---------------  T H R E A D  ---------------

Current thread (0x0000026ba698d330):  JavaThread "main" [_thread_in_vm, id=7652, stack(0x0000008b38000000,0x0000008b38100000)]

Stack: [0x0000008b38000000,0x0000008b38100000]
Native frames: (J=compiled Java code, j=interpreted, Vv=VM code, C=native code)
V  [jvm.dll+0x6bb95a]
V  [jvm.dll+0x8485fa]
V  [jvm.dll+0x84a1f5]
V  [jvm.dll+0x84a8f3]
V  [jvm.dll+0x280b0f]
V  [jvm.dll+0x84453b]
V  [jvm.dll+0x65fd86]
V  [jvm.dll+0x65fdea]
V  [jvm.dll+0x6626c3]
V  [jvm.dll+0x66258e]
V  [jvm.dll+0x66079e]
V  [jvm.dll+0x66ae17]
V  [jvm.dll+0x21b442]
V  [jvm.dll+0x21b975]
V  [jvm.dll+0x21c361]
V  [jvm.dll+0x211780]
V  [jvm.dll+0x59c26c]
V  [jvm.dll+0x7c3802]
V  [jvm.dll+0x7c376a]
V  [jvm.dll+0x46cb9d]
V  [jvm.dll+0x47f4c6]
C  [java.dll+0x1657]

Java frames: (J=compiled Java code, j=interpreted, Vv=VM code)
j  java.lang.ClassLoader.defineClass0(Ljava/lang/ClassLoader;Ljava/lang/Class;Ljava/lang/String;[BIILjava/security/ProtectionDomain;ZILjava/lang/Object;)Ljava/lang/Class;+0 java.base@20.0.1
j  java.lang.System$2.defineClass(Ljava/lang/ClassLoader;Ljava/lang/Class;Ljava/lang/String;[BLjava/security/ProtectionDomain;ZILjava/lang/Object;)Ljava/lang/Class;+17 java.base@20.0.1
j  java.lang.invoke.MethodHandles$Lookup$ClassDefiner.defineClass(ZLjava/lang/Object;)Ljava/lang/Class;+54 java.base@20.0.1
j  java.lang.invoke.MethodHandles$Lookup$ClassDefiner.defineClassAsLookup(Z)Ljava/lang/invoke/MethodHandles$Lookup;+3 java.base@20.0.1
j  java.lang.invoke.MethodHandles$Lookup.defineHiddenClass([BZ[Ljava/lang/invoke/MethodHandles$Lookup$ClassOption;)Ljava/lang/invoke/MethodHandles$Lookup;+65 java.base@20.0.1
j  java.lang.invoke.InnerClassLambdaMetafactory.generateInnerClass()Ljava/lang/Class;+577 java.base@20.0.1
j  java.lang.invoke.InnerClassLambdaMetafactory.spinInnerClass()Ljava/lang/Class;+114 java.base@20.0.1
j  java.lang.invoke.InnerClassLambdaMetafactory.buildCallSite()Ljava/lang/invoke/CallSite;+1 java.base@20.0.1
j  java.lang.invoke.LambdaMetafactory.metafactory(Ljava/lang/invoke/MethodHandles$Lookup;Ljava/lang/String;Ljava/lang/invoke/MethodType;Ljava/lang/invoke/MethodType;Ljava/lang/invoke/MethodHandle;Ljava/lang/invoke/MethodType;)Ljava/lang/invoke/CallSite;+67 java.base@20.0.1
j  java.lang.invoke.DirectMethodHandle$Holder.invokeStatic(Ljava/lang/Object;Ljava/lang/Object;Ljava/lang/Object;Ljava/lang/Object;Ljava/lang/Object;Ljava/lang/Object;Ljava/lang/Object;)Ljava/lang/Object;+20 java.base@20.0.1
j  java.lang.invoke.Invokers$Holder.invokeExact_MT(Ljava/lang/Object;Ljava/lang/Object;Ljava/lang/Object;Ljava/lang/Object;Ljava/lang/Object;Ljava/lang/Object;Ljava/lang/Object;Ljava/lang/Object;)Ljava/lang/Object;+28 java.base@20.0.1
j  java.lang.invoke.BootstrapMethodInvoker.invoke(Ljava/lang/Class;Ljava/lang/invoke/MethodHandle;Ljava/lang/String;Ljava/lang/Object;Ljava/lang/Object;Ljava/lang/Class;)Ljava/lang/Object;+319 java.base@20.0.1
j  java.lang.invoke.CallSite.makeSite(Ljava/lang/invoke/MethodHandle;Ljava/lang/String;Ljava/lang/invoke/MethodType;Ljava/lang/Object;Ljava/lang/Class;)Ljava/lang/invoke/CallSite;+8 java.base@20.0.1
j  java.lang.invoke.MethodHandleNatives.linkCallSiteImpl(Ljava/lang/Class;Ljava/lang/invoke/MethodHandle;Ljava/lang/String;Ljava/lang/invoke/MethodType;Ljava/lang/Object;[Ljava/lang/Object;)Ljava/lang/invoke/MemberName;+6 java.base@20.0.1
j  java.lang.invoke.MethodHandleNatives.linkCallSite(Ljava/lang/Object;Ljava/lang/Object;Ljava/lang/Object;Ljava/lang/Object;Ljava/lang/Object;[Ljava/lang/Object;)Ljava/lang/invoke/MemberName;+45 java.base@20.0.1
v  ~StubRoutines::call_stub 0x0000026bb77510e7
j  javax.swing.plaf.basic.BasicLookAndFeel.initComponentDefaults(Ljavax/swing/UIDefaults;)V+569 java.desktop@20.0.1
j  javax.swing.plaf.metal.MetalLookAndFeel.initComponentDefaults(Ljavax/swing/UIDefaults;)V+2 java.desktop@20.0.1
j  javax.swing.plaf.basic.BasicLookAndFeel.getDefaults()Ljavax/swing/UIDefaults;+25 java.desktop@20.0.1
j  javax.swing.plaf.metal.MetalLookAndFeel.getDefaults()Ljavax/swing/UIDefaults;+9 java.desktop@20.0.1
j  javax.swing.UIManager.setLookAndFeel(Ljavax/swing/LookAndFeel;)V+66 java.desktop@20.0.1
j  javax.swing.UIManager.setLookAndFeel(Ljava/lang/String;)V+16 java.desktop@20.0.1
j  javax.swing.UIManager.initializeDefaultLAF(Ljava/util/Properties;)V+58 java.desktop@20.0.1
j  javax.swing.UIManager.initialize()V+9 java.desktop@20.0.1
j  javax.swing.UIManager.maybeInitialize()V+22 java.desktop@20.0.1
j  javax.swing.UIManager.getUI(Ljavax/swing/JComponent;)Ljavax/swing/plaf/ComponentUI;+0 java.desktop@20.0.1
j  javax.swing.JPanel.updateUI()V+2 java.desktop@20.0.1
j  javax.swing.JPanel.<init>(Ljava/awt/LayoutManager;Z)V+24 java.desktop@20.0.1
j  javax.swing.JPanel.<init>(Z)V+9 java.desktop@20.0.1
j  javax.swing.JPanel.<init>()V+2 java.desktop@20.0.1
j  javax.swing.JRootPane.createGlassPane()Ljava/awt/Component;+4 java.desktop@20.0.1
j  javax.swing.JRootPane.<init>()V+11 java.desktop@20.0.1
j  javax.swing.JFrame.createRootPane()Ljavax/swing/JRootPane;+4 java.desktop@20.0.1
j  javax.swing.JFrame.frameInit()V+16 java.desktop@20.0.1
j  javax.swing.JFrame.<init>()V+20 java.desktop@20.0.1
j  bank.management.system.Login.<init>()V+1
j  bank.management.system.Login.main([Ljava/lang/String;)V+4
v  ~StubRoutines::call_stub 0x0000026bb77510e7

---------------  P R O C E S S  ---------------

Threads class SMR info:
_java_thread_list=0x0000026bc9955870, length=14, elements={
0x0000026ba698d330, 0x0000026bc9447660, 0x0000026bc944a310, 0x0000026bc9466b10,
0x0000026bc9467450, 0x0000026bc9468330, 0x0000026bc9469320, 0x0000026bc9491fc0,
0x0000026bc949b4b0, 0x0000026bc9468dd0, 0x0000026bc9467de0, 0x0000026bc9469870,
0x0000026bc9469dc0, 0x0000026bc9468880
}

Java Threads: ( => current thread )
=>0x0000026ba698d330 JavaThread "main" [_thread_in_vm, id=7652, stack(0x0000008b38000000,0x0000008b38100000)]
  0x0000026bc9447660 JavaThread "Reference Handler" daemon [_thread_blocked, id=24120, stack(0x0000008b38700000,0x0000008b38800000)]
  0x0000026bc944a310 JavaThread "Finalizer" daemon [_thread_blocked, id=25872, stack(0x0000008b38800000,0x0000008b38900000)]
  0x0000026bc9466b10 JavaThread "Signal Dispatcher" daemon [_thread_blocked, id=16124, stack(0x0000008b38900000,0x0000008b38a00000)]
  0x0000026bc9467450 JavaThread "Attach Listener" daemon [_thread_blocked, id=28480, stack(0x0000008b38a00000,0x0000008b38b00000)]
  0x0000026bc9468330 JavaThread "Service Thread" daemon [_thread_blocked, id=2376, stack(0x0000008b38b00000,0x0000008b38c00000)]
  0x0000026bc9469320 JavaThread "Monitor Deflation Thread" daemon [_thread_blocked, id=14784, stack(0x0000008b38c00000,0x0000008b38d00000)]
  0x0000026bc9491fc0 JavaThread "C2 CompilerThread0" daemon [_thread_blocked, id=27964, stack(0x0000008b38d00000,0x0000008b38e00000)]
  0x0000026bc949b4b0 JavaThread "C1 CompilerThread0" daemon [_thread_in_vm, id=27548, stack(0x0000008b38e00000,0x0000008b38f00000)]
  0x0000026bc9468dd0 JavaThread "Common-Cleaner" daemon [_thread_blocked, id=28964, stack(0x0000008b38f00000,0x0000008b39000000)]
  0x0000026bc9467de0 JavaThread "Notification Thread" daemon [_thread_blocked, id=7928, stack(0x0000008b39000000,0x0000008b39100000)]
  0x0000026bc9469870 JavaThread "Java2D Disposer" daemon [_thread_blocked, id=21272, stack(0x0000008b39200000,0x0000008b39300000)]
  0x0000026bc9469dc0 JavaThread "AWT-Shutdown" [_thread_blocked, id=19372, stack(0x0000008b39300000,0x0000008b39400000)]
  0x0000026bc9468880 JavaThread "AWT-Windows" daemon [_thread_in_native, id=29456, stack(0x0000008b39400000,0x0000008b39500000)]

Other Threads:
  0x0000026bc51ee770 VMThread "VM Thread" [stack: 0x0000008b38600000,0x0000008b38700000] [id=1940]
  0x0000026bc9773360 WatcherThread "VM Periodic Task Thread" [stack: 0x0000008b39100000,0x0000008b39200000] [id=29156]
  0x0000026ba69ec540 WorkerThread "GC Thread#0" [stack: 0x0000008b38100000,0x0000008b38200000] [id=10820]
  0x0000026ba69fcc70 ConcurrentGCThread "G1 Main Marker" [stack: 0x0000008b38200000,0x0000008b38300000] [id=16512]
  0x0000026ba69fd6a0 WorkerThread "G1 Conc#0" [stack: 0x0000008b38300000,0x0000008b38400000] [id=14360]
  0x0000026bc5031140 ConcurrentGCThread "G1 Refine#0" [stack: 0x0000008b38400000,0x0000008b38500000] [id=22272]
  0x0000026bc5031be0 ConcurrentGCThread "G1 Service" [stack: 0x0000008b38500000,0x0000008b38600000] [id=21668]

Threads with active compile tasks:
C1 CompilerThread0      791  485       3       java.lang.String::replace (42 bytes)

VM state: not at safepoint (normal execution)

VM Mutex/Monitor currently owned by a thread:  ([mutex/lock_event])
[0x0000026ba666dc80] Metaspace_lock - owner thread: 0x0000026ba698d330

Heap address: 0x0000000085000000, size: 1968 MB, Compressed Oops mode: 32-bit

CDS archive(s) not mapped
Compressed class space mapped at: 0x0000000100000000-0x0000000140000000, reserved size: 1073741824
Narrow klass base: 0x0000000000000000, Narrow klass shift: 3, Narrow klass range: 0x140000000

GC Precious Log:
 CardTable entry size: 512
 Card Set container configuration: InlinePtr #cards 5 size 8 Array Of Cards #cards 12 size 40 Howl #buckets 4 coarsen threshold 1843 Howl Bitmap #cards 512 size 80 coarsen threshold 460 Card regions per heap region 1 cards per card region 2048
 CPUs: 8 total, 8 available
 Memory: 7871M
 Large Page Support: Disabled
 NUMA Support: Disabled
 Compressed Oops: Enabled (32-bit)
 Heap Region Size: 1M
 Heap Min Capacity: 8M
 Heap Initial Capacity: 124M
 Heap Max Capacity: 1968M
 Pre-touch: Disabled
 Parallel Workers: 8
 Concurrent Workers: 2
 Concurrent Refinement Workers: 8
 Periodic GC: Disabled

Heap:
 garbage-first heap   total 126976K, used 4096K [0x0000000085000000, 0x0000000100000000)
  region size 1024K, 5 young (5120K), 0 survivors (0K)
 Metaspace       used 10973K, committed 11072K, reserved 1114112K
  class space    used 992K, committed 1024K, reserved 1048576K

Heap Regions: E=young(eden), S=young(survivor), O=old, HS=humongous(starts), HC=humongous(continues), CS=collection set, F=free, OA=open archive, CA=closed archive, TAMS=top-at-mark-start, PB=parsable bottom
|   0|0x0000000085000000, 0x0000000085000000, 0x0000000085100000|  0%| F|  |TAMS 0x0000000085000000| PB 0x0000000085000000| Untracked 
|   1|0x0000000085100000, 0x0000000085100000, 0x0000000085200000|  0%| F|  |TAMS 0x0000000085100000| PB 0x0000000085100000| Untracked 
|   2|0x0000000085200000, 0x0000000085200000, 0x0000000085300000|  0%| F|  |TAMS 0x0000000085200000| PB 0x0000000085200000| Untracked 
|   3|0x0000000085300000, 0x0000000085300000, 0x0000000085400000|  0%| F|  |TAMS 0x0000000085300000| PB 0x0000000085300000| Untracked 
|   4|0x0000000085400000, 0x0000000085400000, 0x0000000085500000|  0%| F|  |TAMS 0x0000000085400000| PB 0x0000000085400000| Untracked 
|   5|0x0000000085500000, 0x0000000085500000, 0x0000000085600000|  0%| F|  |TAMS 0x0000000085500000| PB 0x0000000085500000| Untracked 
|   6|0x0000000085600000, 0x0000000085600000, 0x0000000085700000|  0%| F|  |TAMS 0x0000000085600000| PB 0x0000000085600000| Untracked 
|   7|0x0000000085700000, 0x0000000085700000, 0x0000000085800000|  0%| F|  |TAMS 0x0000000085700000| PB 0x0000000085700000| Untracked 
|   8|0x0000000085800000, 0x0000000085800000, 0x0000000085900000|  0%| F|  |TAMS 0x0000000085800000| PB 0x0000000085800000| Untracked 
|   9|0x0000000085900000, 0x0000000085900000, 0x0000000085a00000|  0%| F|  |TAMS 0x0000000085900000| PB 0x0000000085900000| Untracked 
|  10|0x0000000085a00000, 0x0000000085a00000, 0x0000000085b00000|  0%| F|  |TAMS 0x0000000085a00000| PB 0x0000000085a00000| Untracked 
|  11|0x0000000085b00000, 0x0000000085b00000, 0x0000000085c00000|  0%| F|  |TAMS 0x0000000085b00000| PB 0x0000000085b00000| Untracked 
|  12|0x0000000085c00000, 0x0000000085c00000, 0x0000000085d00000|  0%| F|  |TAMS 0x0000000085c00000| PB 0x0000000085c00000| Untracked 
|  13|0x0000000085d00000, 0x0000000085d00000, 0x0000000085e00000|  0%| F|  |TAMS 0x0000000085d00000| PB 0x0000000085d00000| Untracked 
|  14|0x0000000085e00000, 0x0000000085e00000, 0x0000000085f00000|  0%| F|  |TAMS 0x0000000085e00000| PB 0x0000000085e00000| Untracked 
|  15|0x0000000085f00000, 0x0000000085f00000, 0x0000000086000000|  0%| F|  |TAMS 0x0000000085f00000| PB 0x0000000085f00000| Untracked 
|  16|0x0000000086000000, 0x0000000086000000, 0x0000000086100000|  0%| F|  |TAMS 0x0000000086000000| PB 0x0000000086000000| Untracked 
|  17|0x0000000086100000, 0x0000000086100000, 0x0000000086200000|  0%| F|  |TAMS 0x0000000086100000| PB 0x0000000086100000| Untracked 
|  18|0x0000000086200000, 0x0000000086200000, 0x0000000086300000|  0%| F|  |TAMS 0x0000000086200000| PB 0x0000000086200000| Untracked 
|  19|0x0000000086300000, 0x0000000086300000, 0x0000000086400000|  0%| F|  |TAMS 0x0000000086300000| PB 0x0000000086300000| Untracked 
|  20|0x0000000086400000, 0x0000000086400000, 0x0000000086500000|  0%| F|  |TAMS 0x0000000086400000| PB 0x0000000086400000| Untracked 
|  21|0x0000000086500000, 0x0000000086500000, 0x0000000086600000|  0%| F|  |TAMS 0x0000000086500000| PB 0x0000000086500000| Untracked 
|  22|0x0000000086600000, 0x0000000086600000, 0x0000000086700000|  0%| F|  |TAMS 0x0000000086600000| PB 0x0000000086600000| Untracked 
|  23|0x0000000086700000, 0x0000000086700000, 0x0000000086800000|  0%| F|  |TAMS 0x0000000086700000| PB 0x0000000086700000| Untracked 
|  24|0x0000000086800000, 0x0000000086800000, 0x0000000086900000|  0%| F|  |TAMS 0x0000000086800000| PB 0x0000000086800000| Untracked 
|  25|0x0000000086900000, 0x0000000086900000, 0x0000000086a00000|  0%| F|  |TAMS 0x0000000086900000| PB 0x0000000086900000| Untracked 
|  26|0x0000000086a00000, 0x0000000086a00000, 0x0000000086b00000|  0%| F|  |TAMS 0x0000000086a00000| PB 0x0000000086a00000| Untracked 
|  27|0x0000000086b00000, 0x0000000086b00000, 0x0000000086c00000|  0%| F|  |TAMS 0x0000000086b00000| PB 0x0000000086b00000| Untracked 
|  28|0x0000000086c00000, 0x0000000086c00000, 0x0000000086d00000|  0%| F|  |TAMS 0x0000000086c00000| PB 0x0000000086c00000| Untracked 
|  29|0x0000000086d00000, 0x0000000086d00000, 0x0000000086e00000|  0%| F|  |TAMS 0x0000000086d00000| PB 0x0000000086d00000| Untracked 
|  30|0x0000000086e00000, 0x0000000086e00000, 0x0000000086f00000|  0%| F|  |TAMS 0x0000000086e00000| PB 0x0000000086e00000| Untracked 
|  31|0x0000000086f00000, 0x0000000086f00000, 0x0000000087000000|  0%| F|  |TAMS 0x0000000086f00000| PB 0x0000000086f00000| Untracked 
|  32|0x0000000087000000, 0x0000000087000000, 0x0000000087100000|  0%| F|  |TAMS 0x0000000087000000| PB 0x0000000087000000| Untracked 
|  33|0x0000000087100000, 0x0000000087100000, 0x0000000087200000|  0%| F|  |TAMS 0x0000000087100000| PB 0x0000000087100000| Untracked 
|  34|0x0000000087200000, 0x0000000087200000, 0x0000000087300000|  0%| F|  |TAMS 0x0000000087200000| PB 0x0000000087200000| Untracked 
|  35|0x0000000087300000, 0x0000000087300000, 0x0000000087400000|  0%| F|  |TAMS 0x0000000087300000| PB 0x0000000087300000| Untracked 
|  36|0x0000000087400000, 0x0000000087400000, 0x0000000087500000|  0%| F|  |TAMS 0x0000000087400000| PB 0x0000000087400000| Untracked 
|  37|0x0000000087500000, 0x0000000087500000, 0x0000000087600000|  0%| F|  |TAMS 0x0000000087500000| PB 0x0000000087500000| Untracked 
|  38|0x0000000087600000, 0x0000000087600000, 0x0000000087700000|  0%| F|  |TAMS 0x0000000087600000| PB 0x0000000087600000| Untracked 
|  39|0x0000000087700000, 0x0000000087700000, 0x0000000087800000|  0%| F|  |TAMS 0x0000000087700000| PB 0x0000000087700000| Untracked 
|  40|0x0000000087800000, 0x0000000087800000, 0x0000000087900000|  0%| F|  |TAMS 0x0000000087800000| PB 0x0000000087800000| Untracked 
|  41|0x0000000087900000, 0x0000000087900000, 0x0000000087a00000|  0%| F|  |TAMS 0x0000000087900000| PB 0x0000000087900000| Untracked 
|  42|0x0000000087a00000, 0x0000000087a00000, 0x0000000087b00000|  0%| F|  |TAMS 0x0000000087a00000| PB 0x0000000087a00000| Untracked 
|  43|0x0000000087b00000, 0x0000000087b00000, 0x0000000087c00000|  0%| F|  |TAMS 0x0000000087b00000| PB 0x0000000087b00000| Untracked 
|  44|0x0000000087c00000, 0x0000000087c00000, 0x0000000087d00000|  0%| F|  |TAMS 0x0000000087c00000| PB 0x0000000087c00000| Untracked 
|  45|0x0000000087d00000, 0x0000000087d00000, 0x0000000087e00000|  0%| F|  |TAMS 0x0000000087d00000| PB 0x0000000087d00000| Untracked 
|  46|0x0000000087e00000, 0x0000000087e00000, 0x0000000087f00000|  0%| F|  |TAMS 0x0000000087e00000| PB 0x0000000087e00000| Untracked 
|  47|0x0000000087f00000, 0x0000000087f00000, 0x0000000088000000|  0%| F|  |TAMS 0x0000000087f00000| PB 0x0000000087f00000| Untracked 
|  48|0x0000000088000000, 0x0000000088000000, 0x0000000088100000|  0%| F|  |TAMS 0x0000000088000000| PB 0x0000000088000000| Untracked 
|  49|0x0000000088100000, 0x0000000088100000, 0x0000000088200000|  0%| F|  |TAMS 0x0000000088100000| PB 0x0000000088100000| Untracked 
|  50|0x0000000088200000, 0x0000000088200000, 0x0000000088300000|  0%| F|  |TAMS 0x0000000088200000| PB 0x0000000088200000| Untracked 
|  51|0x0000000088300000, 0x0000000088300000, 0x0000000088400000|  0%| F|  |TAMS 0x0000000088300000| PB 0x0000000088300000| Untracked 
|  52|0x0000000088400000, 0x0000000088400000, 0x0000000088500000|  0%| F|  |TAMS 0x0000000088400000| PB 0x0000000088400000| Untracked 
|  53|0x0000000088500000, 0x0000000088500000, 0x0000000088600000|  0%| F|  |TAMS 0x0000000088500000| PB 0x0000000088500000| Untracked 
|  54|0x0000000088600000, 0x0000000088600000, 0x0000000088700000|  0%| F|  |TAMS 0x0000000088600000| PB 0x0000000088600000| Untracked 
|  55|0x0000000088700000, 0x0000000088700000, 0x0000000088800000|  0%| F|  |TAMS 0x0000000088700000| PB 0x0000000088700000| Untracked 
|  56|0x0000000088800000, 0x0000000088800000, 0x0000000088900000|  0%| F|  |TAMS 0x0000000088800000| PB 0x0000000088800000| Untracked 
|  57|0x0000000088900000, 0x0000000088900000, 0x0000000088a00000|  0%| F|  |TAMS 0x0000000088900000| PB 0x0000000088900000| Untracked 
|  58|0x0000000088a00000, 0x0000000088a00000, 0x0000000088b00000|  0%| F|  |TAMS 0x0000000088a00000| PB 0x0000000088a00000| Untracked 
|  59|0x0000000088b00000, 0x0000000088b00000, 0x0000000088c00000|  0%| F|  |TAMS 0x0000000088b00000| PB 0x0000000088b00000| Untracked 
|  60|0x0000000088c00000, 0x0000000088c00000, 0x0000000088d00000|  0%| F|  |TAMS 0x0000000088c00000| PB 0x0000000088c00000| Untracked 
|  61|0x0000000088d00000, 0x0000000088d00000, 0x0000000088e00000|  0%| F|  |TAMS 0x0000000088d00000| PB 0x0000000088d00000| Untracked 
|  62|0x0000000088e00000, 0x0000000088e00000, 0x0000000088f00000|  0%| F|  |TAMS 0x0000000088e00000| PB 0x0000000088e00000| Untracked 
|  63|0x0000000088f00000, 0x0000000088f00000, 0x0000000089000000|  0%| F|  |TAMS 0x0000000088f00000| PB 0x0000000088f00000| Untracked 
|  64|0x0000000089000000, 0x0000000089000000, 0x0000000089100000|  0%| F|  |TAMS 0x0000000089000000| PB 0x0000000089000000| Untracked 
|  65|0x0000000089100000, 0x0000000089100000, 0x0000000089200000|  0%| F|  |TAMS 0x0000000089100000| PB 0x0000000089100000| Untracked 
|  66|0x0000000089200000, 0x0000000089200000, 0x0000000089300000|  0%| F|  |TAMS 0x0000000089200000| PB 0x0000000089200000| Untracked 
|  67|0x0000000089300000, 0x0000000089300000, 0x0000000089400000|  0%| F|  |TAMS 0x0000000089300000| PB 0x0000000089300000| Untracked 
|  68|0x0000000089400000, 0x0000000089400000, 0x0000000089500000|  0%| F|  |TAMS 0x0000000089400000| PB 0x0000000089400000| Untracked 
|  69|0x0000000089500000, 0x0000000089500000, 0x0000000089600000|  0%| F|  |TAMS 0x0000000089500000| PB 0x0000000089500000| Untracked 
|  70|0x0000000089600000, 0x0000000089600000, 0x0000000089700000|  0%| F|  |TAMS 0x0000000089600000| PB 0x0000000089600000| Untracked 
|  71|0x0000000089700000, 0x0000000089700000, 0x0000000089800000|  0%| F|  |TAMS 0x0000000089700000| PB 0x0000000089700000| Untracked 
|  72|0x0000000089800000, 0x0000000089800000, 0x0000000089900000|  0%| F|  |TAMS 0x0000000089800000| PB 0x0000000089800000| Untracked 
|  73|0x0000000089900000, 0x0000000089900000, 0x0000000089a00000|  0%| F|  |TAMS 0x0000000089900000| PB 0x0000000089900000| Untracked 
|  74|0x0000000089a00000, 0x0000000089a00000, 0x0000000089b00000|  0%| F|  |TAMS 0x0000000089a00000| PB 0x0000000089a00000| Untracked 
|  75|0x0000000089b00000, 0x0000000089b00000, 0x0000000089c00000|  0%| F|  |TAMS 0x0000000089b00000| PB 0x0000000089b00000| Untracked 
|  76|0x0000000089c00000, 0x0000000089c00000, 0x0000000089d00000|  0%| F|  |TAMS 0x0000000089c00000| PB 0x0000000089c00000| Untracked 
|  77|0x0000000089d00000, 0x0000000089d00000, 0x0000000089e00000|  0%| F|  |TAMS 0x0000000089d00000| PB 0x0000000089d00000| Untracked 
|  78|0x0000000089e00000, 0x0000000089e00000, 0x0000000089f00000|  0%| F|  |TAMS 0x0000000089e00000| PB 0x0000000089e00000| Untracked 
|  79|0x0000000089f00000, 0x0000000089f00000, 0x000000008a000000|  0%| F|  |TAMS 0x0000000089f00000| PB 0x0000000089f00000| Untracked 
|  80|0x000000008a000000, 0x000000008a000000, 0x000000008a100000|  0%| F|  |TAMS 0x000000008a000000| PB 0x000000008a000000| Untracked 
|  81|0x000000008a100000, 0x000000008a100000, 0x000000008a200000|  0%| F|  |TAMS 0x000000008a100000| PB 0x000000008a100000| Untracked 
|  82|0x000000008a200000, 0x000000008a200000, 0x000000008a300000|  0%| F|  |TAMS 0x000000008a200000| PB 0x000000008a200000| Untracked 
|  83|0x000000008a300000, 0x000000008a300000, 0x000000008a400000|  0%| F|  |TAMS 0x000000008a300000| PB 0x000000008a300000| Untracked 
|  84|0x000000008a400000, 0x000000008a400000, 0x000000008a500000|  0%| F|  |TAMS 0x000000008a400000| PB 0x000000008a400000| Untracked 
|  85|0x000000008a500000, 0x000000008a500000, 0x000000008a600000|  0%| F|  |TAMS 0x000000008a500000| PB 0x000000008a500000| Untracked 
|  86|0x000000008a600000, 0x000000008a600000, 0x000000008a700000|  0%| F|  |TAMS 0x000000008a600000| PB 0x000000008a600000| Untracked 
|  87|0x000000008a700000, 0x000000008a700000, 0x000000008a800000|  0%| F|  |TAMS 0x000000008a700000| PB 0x000000008a700000| Untracked 
|  88|0x000000008a800000, 0x000000008a800000, 0x000000008a900000|  0%| F|  |TAMS 0x000000008a800000| PB 0x000000008a800000| Untracked 
|  89|0x000000008a900000, 0x000000008a900000, 0x000000008aa00000|  0%| F|  |TAMS 0x000000008a900000| PB 0x000000008a900000| Untracked 
|  90|0x000000008aa00000, 0x000000008aa00000, 0x000000008ab00000|  0%| F|  |TAMS 0x000000008aa00000| PB 0x000000008aa00000| Untracked 
|  91|0x000000008ab00000, 0x000000008ab00000, 0x000000008ac00000|  0%| F|  |TAMS 0x000000008ab00000| PB 0x000000008ab00000| Untracked 
|  92|0x000000008ac00000, 0x000000008ac00000, 0x000000008ad00000|  0%| F|  |TAMS 0x000000008ac00000| PB 0x000000008ac00000| Untracked 
|  93|0x000000008ad00000, 0x000000008ad00000, 0x000000008ae00000|  0%| F|  |TAMS 0x000000008ad00000| PB 0x000000008ad00000| Untracked 
|  94|0x000000008ae00000, 0x000000008ae00000, 0x000000008af00000|  0%| F|  |TAMS 0x000000008ae00000| PB 0x000000008ae00000| Untracked 
|  95|0x000000008af00000, 0x000000008af00000, 0x000000008b000000|  0%| F|  |TAMS 0x000000008af00000| PB 0x000000008af00000| Untracked 
|  96|0x000000008b000000, 0x000000008b000000, 0x000000008b100000|  0%| F|  |TAMS 0x000000008b000000| PB 0x000000008b000000| Untracked 
|  97|0x000000008b100000, 0x000000008b100000, 0x000000008b200000|  0%| F|  |TAMS 0x000000008b100000| PB 0x000000008b100000| Untracked 
|  98|0x000000008b200000, 0x000000008b200000, 0x000000008b300000|  0%| F|  |TAMS 0x000000008b200000| PB 0x000000008b200000| Untracked 
|  99|0x000000008b300000, 0x000000008b300000, 0x000000008b400000|  0%| F|  |TAMS 0x000000008b300000| PB 0x000000008b300000| Untracked 
| 100|0x000000008b400000, 0x000000008b400000, 0x000000008b500000|  0%| F|  |TAMS 0x000000008b400000| PB 0x000000008b400000| Untracked 
| 101|0x000000008b500000, 0x000000008b500000, 0x000000008b600000|  0%| F|  |TAMS 0x000000008b500000| PB 0x000000008b500000| Untracked 
| 102|0x000000008b600000, 0x000000008b600000, 0x000000008b700000|  0%| F|  |TAMS 0x000000008b600000| PB 0x000000008b600000| Untracked 
| 103|0x000000008b700000, 0x000000008b700000, 0x000000008b800000|  0%| F|  |TAMS 0x000000008b700000| PB 0x000000008b700000| Untracked 
| 104|0x000000008b800000, 0x000000008b800000, 0x000000008b900000|  0%| F|  |TAMS 0x000000008b800000| PB 0x000000008b800000| Untracked 
| 105|0x000000008b900000, 0x000000008b900000, 0x000000008ba00000|  0%| F|  |TAMS 0x000000008b900000| PB 0x000000008b900000| Untracked 
| 106|0x000000008ba00000, 0x000000008ba00000, 0x000000008bb00000|  0%| F|  |TAMS 0x000000008ba00000| PB 0x000000008ba00000| Untracked 
| 107|0x000000008bb00000, 0x000000008bb00000, 0x000000008bc00000|  0%| F|  |TAMS 0x000000008bb00000| PB 0x000000008bb00000| Untracked 
| 108|0x000000008bc00000, 0x000000008bc00000, 0x000000008bd00000|  0%| F|  |TAMS 0x000000008bc00000| PB 0x000000008bc00000| Untracked 
| 109|0x000000008bd00000, 0x000000008bd00000, 0x000000008be00000|  0%| F|  |TAMS 0x000000008bd00000| PB 0x000000008bd00000| Untracked 
| 110|0x000000008be00000, 0x000000008be00000, 0x000000008bf00000|  0%| F|  |TAMS 0x000000008be00000| PB 0x000000008be00000| Untracked 
| 111|0x000000008bf00000, 0x000000008bf00000, 0x000000008c000000|  0%| F|  |TAMS 0x000000008bf00000| PB 0x000000008bf00000| Untracked 
| 112|0x000000008c000000, 0x000000008c000000, 0x000000008c100000|  0%| F|  |TAMS 0x000000008c000000| PB 0x000000008c000000| Untracked 
| 113|0x000000008c100000, 0x000000008c100000, 0x000000008c200000|  0%| F|  |TAMS 0x000000008c100000| PB 0x000000008c100000| Untracked 
| 114|0x000000008c200000, 0x000000008c200000, 0x000000008c300000|  0%| F|  |TAMS 0x000000008c200000| PB 0x000000008c200000| Untracked 
| 115|0x000000008c300000, 0x000000008c300000, 0x000000008c400000|  0%| F|  |TAMS 0x000000008c300000| PB 0x000000008c300000| Untracked 
| 116|0x000000008c400000, 0x000000008c400000, 0x000000008c500000|  0%| F|  |TAMS 0x000000008c400000| PB 0x000000008c400000| Untracked 
| 117|0x000000008c500000, 0x000000008c500000, 0x000000008c600000|  0%| F|  |TAMS 0x000000008c500000| PB 0x000000008c500000| Untracked 
| 118|0x000000008c600000, 0x000000008c600000, 0x000000008c700000|  0%| F|  |TAMS 0x000000008c600000| PB 0x000000008c600000| Untracked 
| 119|0x000000008c700000, 0x000000008c7ec540, 0x000000008c800000| 92%| E|  |TAMS 0x000000008c700000| PB 0x000000008c700000| Complete 
| 120|0x000000008c800000, 0x000000008c900000, 0x000000008c900000|100%| E|CS|TAMS 0x000000008c800000| PB 0x000000008c800000| Complete 
| 121|0x000000008c900000, 0x000000008ca00000, 0x000000008ca00000|100%| E|CS|TAMS 0x000000008c900000| PB 0x000000008c900000| Complete 
| 122|0x000000008ca00000, 0x000000008cb00000, 0x000000008cb00000|100%| E|CS|TAMS 0x000000008ca00000| PB 0x000000008ca00000| Complete 
| 123|0x000000008cb00000, 0x000000008cc00000, 0x000000008cc00000|100%| E|CS|TAMS 0x000000008cb00000| PB 0x000000008cb00000| Complete 

Card table byte_map: [0x0000026bc0070000,0x0000026bc0450000] _byte_map_base: 0x0000026bbfc48000

Marking Bits: (CMBitMap*) 0x0000026ba69ecb70
 Bits: [0x0000026bc0830000, 0x0000026bc26f0000)

Polling page: 0x0000026ba6a50000

Metaspace:

Usage:
  Non-class:      9.75 MB used.
      Class:    992.85 KB used.
       Both:     10.72 MB used.

Virtual space:
  Non-class space:       64.00 MB reserved,       9.81 MB ( 15%) committed,  1 nodes.
      Class space:        1.00 GB reserved,       1.00 MB ( <1%) committed,  1 nodes.
             Both:        1.06 GB reserved,      10.81 MB ( <1%) committed. 

Chunk freelists:
   Non-Class:  1.97 MB
       Class:  3.00 MB
        Both:  4.97 MB

MaxMetaspaceSize: unlimited
CompressedClassSpaceSize: 1.00 GB
Initial GC threshold: 21.00 MB
Current GC threshold: 21.00 MB
CDS: off
MetaspaceReclaimPolicy: balanced
 - commit_granule_bytes: 65536.
 - commit_granule_words: 8192.
 - virtual_space_node_default_size: 8388608.
 - enlarge_chunks_in_place: 1.
 - new_chunks_are_fully_committed: 0.
 - uncommit_free_chunks: 1.
 - use_allocation_guard: 0.


Internal statistics:

num_allocs_failed_limit: 0.
num_arena_births: 104.
num_arena_deaths: 0.
num_vsnodes_births: 2.
num_vsnodes_deaths: 0.
num_space_committed: 173.
num_space_uncommitted: 0.
num_chunks_returned_to_freelist: 0.
num_chunks_taken_from_freelist: 150.
num_chunk_merges: 0.
num_chunk_splits: 80.
num_chunks_enlarged: 32.
num_inconsistent_stats: 0.

CodeHeap 'non-profiled nmethods': size=120000Kb used=148Kb max_used=148Kb free=119851Kb
 bounds [0x0000026bb7cf0000, 0x0000026bb7f60000, 0x0000026bbf220000]
CodeHeap 'profiled nmethods': size=120000Kb used=636Kb max_used=636Kb free=119363Kb
 bounds [0x0000026bb0220000, 0x0000026bb0490000, 0x0000026bb7750000]
CodeHeap 'non-nmethods': size=5760Kb used=1575Kb max_used=1587Kb free=4184Kb
 bounds [0x0000026bb7750000, 0x0000026bb79c0000, 0x0000026bb7cf0000]
 total_blobs=979 nmethods=482 adapters=408
 compilation: enabled
              stopped_count=0, restarted_count=0
 full_count=0

Compilation events (20 events):
Event: 0.762 Thread 0x0000026bc949b4b0  467       3       java.lang.invoke.MethodHandleNatives::refKindIsField (32 bytes)
Event: 0.762 Thread 0x0000026bc949b4b0 nmethod 467 0x0000026bb02b9710 code [0x0000026bb02b98a0, 0x0000026bb02b99f8]
Event: 0.762 Thread 0x0000026bc949b4b0  466       3       java.util.Objects::requireNonNull (15 bytes)
Event: 0.762 Thread 0x0000026bc9491fc0 nmethod 464 0x0000026bb7d13490 code [0x0000026bb7d13600, 0x0000026bb7d13670]
Event: 0.762 Thread 0x0000026bc949b4b0 nmethod 466 0x0000026bb02b9a90 code [0x0000026bb02b9c20, 0x0000026bb02b9e08]
Event: 0.764 Thread 0x0000026bc949b4b0  469       3       java.lang.invoke.InvokerBytecodeGenerator::emitLoadInsn (21 bytes)
Event: 0.764 Thread 0x0000026bc949b4b0 nmethod 469 0x0000026bb02b9f10 code [0x0000026bb02ba0c0, 0x0000026bb02ba308]
Event: 0.765 Thread 0x0000026bc949b4b0  471       1       java.lang.invoke.DirectMethodHandle::internalMemberName (5 bytes)
Event: 0.766 Thread 0x0000026bc949b4b0 nmethod 471 0x0000026bb7d13d90 code [0x0000026bb7d13f00, 0x0000026bb7d13fc8]
Event: 0.766 Thread 0x0000026bc949b4b0  472       3       jdk.internal.org.objectweb.asm.MethodVisitor::<init> (78 bytes)
Event: 0.767 Thread 0x0000026bc949b4b0 nmethod 472 0x0000026bb02ba490 code [0x0000026bb02ba6c0, 0x0000026bb02bae78]
Event: 0.767 Thread 0x0000026bc949b4b0  473       3       java.lang.invoke.MethodHandles$Lookup::checkAccess (232 bytes)
Event: 0.768 Thread 0x0000026bc949b4b0 nmethod 473 0x0000026bb02bb110 code [0x0000026bb02bb3e0, 0x0000026bb02bc450]
Event: 0.769 Thread 0x0000026bc949b4b0  477       3       jdk.internal.org.objectweb.asm.MethodWriter::visitMethodInsn (191 bytes)
Event: 0.770 Thread 0x0000026bc949b4b0 nmethod 477 0x0000026bb02bc890 code [0x0000026bb02bcaa0, 0x0000026bb02bd200]
Event: 0.770 Thread 0x0000026bc949b4b0  478       3       jdk.internal.org.objectweb.asm.SymbolTable::addConstantMethodref (24 bytes)
Event: 0.770 Thread 0x0000026bc949b4b0 nmethod 478 0x0000026bb02bd510 code [0x0000026bb02bd6a0, 0x0000026bb02bd848]
Event: 0.770 Thread 0x0000026bc949b4b0  481       3       jdk.internal.org.objectweb.asm.Type::<init> (26 bytes)
Event: 0.770 Thread 0x0000026bc949b4b0 nmethod 481 0x0000026bb02bd910 code [0x0000026bb02bdaa0, 0x0000026bb02bdc68]
Event: 0.770 Thread 0x0000026bc949b4b0  482       3       java.lang.invoke.DirectMethodHandle::<init> (148 bytes)

GC Heap History (0 events):
No events

Dll operation events (7 events):
Event: 0.007 Loaded shared library C:\Program Files\Java\jdk-20\bin\java.dll
Event: 0.038 Loaded shared library C:\Program Files\Java\jdk-20\bin\jsvml.dll
Event: 0.424 Loaded shared library C:\Program Files\Java\jdk-20\bin\net.dll
Event: 0.426 Loaded shared library C:\Program Files\Java\jdk-20\bin\nio.dll
Event: 0.495 Loaded shared library C:\Program Files\Java\jdk-20\bin\zip.dll
Event: 0.588 Loaded shared library C:\Program Files\Java\jdk-20\bin\jimage.dll
Event: 0.627 Loaded shared library C:\Program Files\Java\jdk-20\bin\awt.dll

Deoptimization events (4 events):
Event: 0.747 Thread 0x0000026ba698d330 Uncommon trap: trap_request=0xffffff45 fr.pc=0x0000026bb7d00580 relative=0x0000000000000a00
Event: 0.747 Thread 0x0000026ba698d330 Uncommon trap: reason=unstable_if action=reinterpret pc=0x0000026bb7d00580 method=java.util.HashMap.putVal(ILjava/lang/Object;Ljava/lang/Object;ZZ)Ljava/lang/Object; @ 81 c2
Event: 0.747 Thread 0x0000026ba698d330 DEOPT PACKING pc=0x0000026bb7d00580 sp=0x0000008b380fe000
Event: 0.747 Thread 0x0000026ba698d330 DEOPT UNPACKING pc=0x0000026bb776d2a2 sp=0x0000008b380fdfb0 mode 2

Classes loaded (20 events):
Event: 0.756 Loading class javax/swing/plaf/metal/DefaultMetalTheme$FontDelegate
Event: 0.756 Loading class javax/swing/plaf/metal/DefaultMetalTheme$FontDelegate done
Event: 0.756 Loading class javax/swing/plaf/FontUIResource
Event: 0.756 Loading class javax/swing/plaf/FontUIResource done
Event: 0.757 Loading class javax/swing/UIDefaults$LazyValue
Event: 0.757 Loading class javax/swing/UIDefaults$LazyValue done
Event: 0.759 Loading class javax/swing/UIDefaults$ActiveValue
Event: 0.759 Loading class javax/swing/UIDefaults$ActiveValue done
Event: 0.759 Loading class javax/swing/plaf/InsetsUIResource
Event: 0.759 Loading class javax/swing/plaf/InsetsUIResource done
Event: 0.761 Loading class javax/swing/plaf/BorderUIResource$EmptyBorderUIResource
Event: 0.761 Loading class javax/swing/border/EmptyBorder
Event: 0.761 Loading class javax/swing/border/AbstractBorder
Event: 0.761 Loading class javax/swing/border/Border
Event: 0.761 Loading class javax/swing/border/Border done
Event: 0.762 Loading class javax/swing/border/AbstractBorder done
Event: 0.762 Loading class javax/swing/border/EmptyBorder done
Event: 0.762 Loading class javax/swing/plaf/BorderUIResource$EmptyBorderUIResource done
Event: 0.770 Loading class javax/swing/plaf/basic/BasicLookAndFeel$2
Event: 0.770 Loading class javax/swing/plaf/basic/BasicLookAndFeel$2 done

Classes unloaded (0 events):
No events

Classes redefined (0 events):
No events

Internal exceptions (8 events):
Event: 0.430 Thread 0x0000026ba698d330 Exception <a 'sun/nio/fs/WindowsException'{0x000000008ca5e1d8}> (0x000000008ca5e1d8) 
thrown [s\open\src\hotspot\share\prims\jni.cpp, line 519]
Event: 0.433 Thread 0x0000026ba698d330 Exception <a 'sun/nio/fs/WindowsException'{0x000000008ca604c8}> (0x000000008ca604c8) 
thrown [s\open\src\hotspot\share\prims\jni.cpp, line 519]
Event: 0.433 Thread 0x0000026ba698d330 Exception <a 'sun/nio/fs/WindowsException'{0x000000008ca60f08}> (0x000000008ca60f08) 
thrown [s\open\src\hotspot\share\prims\jni.cpp, line 519]
Event: 0.608 Thread 0x0000026ba698d330 Exception <a 'java/lang/ClassNotFoundException'{0x000000008c9b3fa8}: sun/awt/resources/spi/awtProvider> (0x000000008c9b3fa8) 
thrown [s\open\src\hotspot\share\classfile\systemDictionary.cpp, line 305]
Event: 0.645 Thread 0x0000026ba698d330 Exception <a 'java/io/FileNotFoundException'{0x000000008c80d790}> (0x000000008c80d790) 
thrown [s\open\src\hotspot\share\prims\jni.cpp, line 519]
Event: 0.653 Thread 0x0000026ba698d330 Exception <a 'java/io/FileNotFoundException'{0x000000008c837768}> (0x000000008c837768) 
thrown [s\open\src\hotspot\share\prims\jni.cpp, line 519]
Event: 0.750 Thread 0x0000026ba698d330 Exception <a 'java/lang/NoSuchMethodError'{0x000000008c8d2600}: 'void java.lang.invoke.DirectMethodHandle$Holder.invokeSpecial(java.lang.Object, java.lang.Object, java.lang.Object)'> (0x000000008c8d2600) 
thrown [s\open\src\hotspot\share\interpreter\linkResolver.cpp, line 773]
Event: 0.763 Thread 0x0000026ba698d330 Exception <a 'java/lang/NoSuchMethodError'{0x000000008c7875f8}: 'java.lang.Object java.lang.invoke.DirectMethodHandle$Holder.newInvokeSpecial(java.lang.Object, java.lang.Object, java.lang.Object, java.lang.Object, java.lang.Object)'> (0x000000008c7875f8) 
thrown [s\open\src\hotspot\share\interpreter\linkResolver.cpp, line 773]

VM Operations (4 events):
Event: 0.435 Executing VM operation: HandshakeAllThreads
Event: 0.435 Executing VM operation: HandshakeAllThreads done
Event: 0.663 Executing VM operation: HandshakeAllThreads
Event: 0.663 Executing VM operation: HandshakeAllThreads done

Events (14 events):
Event: 0.038 Thread 0x0000026ba698d330 Thread added: 0x0000026ba698d330
Event: 0.066 Thread 0x0000026bc9447660 Thread added: 0x0000026bc9447660
Event: 0.066 Thread 0x0000026bc944a310 Thread added: 0x0000026bc944a310
Event: 0.067 Thread 0x0000026bc9466b10 Thread added: 0x0000026bc9466b10
Event: 0.067 Thread 0x0000026bc9467450 Thread added: 0x0000026bc9467450
Event: 0.067 Thread 0x0000026bc9468330 Thread added: 0x0000026bc9468330
Event: 0.067 Thread 0x0000026bc9469320 Thread added: 0x0000026bc9469320
Event: 0.067 Thread 0x0000026bc9491fc0 Thread added: 0x0000026bc9491fc0
Event: 0.067 Thread 0x0000026bc949b4b0 Thread added: 0x0000026bc949b4b0
Event: 0.245 Thread 0x0000026bc9468dd0 Thread added: 0x0000026bc9468dd0
Event: 0.451 Thread 0x0000026bc9467de0 Thread added: 0x0000026bc9467de0
Event: 0.707 Thread 0x0000026bc9469870 Thread added: 0x0000026bc9469870
Event: 0.709 Thread 0x0000026bc9469dc0 Thread added: 0x0000026bc9469dc0
Event: 0.710 Thread 0x0000026bc9468880 Thread added: 0x0000026bc9468880


Dynamic libraries:
0x00007ff7ba350000 - 0x00007ff7ba360000 	C:\Program Files\Java\jdk-20\bin\java.exe
0x00007fff9e050000 - 0x00007fff9e267000 	C:\WINDOWS\SYSTEM32\ntdll.dll
0x00007fff9be40000 - 0x00007fff9bf04000 	C:\WINDOWS\System32\KERNEL32.DLL
0x00007fff9b820000 - 0x00007fff9bbcc000 	C:\WINDOWS\System32\KERNELBASE.dll
0x00007fff9b570000 - 0x00007fff9b681000 	C:\WINDOWS\System32\ucrtbase.dll
0x00007fff89ee0000 - 0x00007fff89efb000 	C:\Program Files\Java\jdk-20\bin\VCRUNTIME140.dll
0x00007fff8d1d0000 - 0x00007fff8d1e9000 	C:\Program Files\Java\jdk-20\bin\jli.dll
0x00007fff9dd40000 - 0x00007fff9ddf2000 	C:\WINDOWS\System32\ADVAPI32.dll
0x00007fff9df60000 - 0x00007fff9e007000 	C:\WINDOWS\System32\msvcrt.dll
0x00007fff9d540000 - 0x00007fff9d5ea000 	C:\WINDOWS\System32\sechost.dll
0x00007fff9b750000 - 0x00007fff9b778000 	C:\WINDOWS\System32\bcrypt.dll
0x00007fff9cfa0000 - 0x00007fff9d0b5000 	C:\WINDOWS\System32\RPCRT4.dll
0x00007fff9d650000 - 0x00007fff9d7fe000 	C:\WINDOWS\System32\USER32.dll
0x00007fff9bcf0000 - 0x00007fff9bd16000 	C:\WINDOWS\System32\win32u.dll
0x00007fff9c320000 - 0x00007fff9c349000 	C:\WINDOWS\System32\GDI32.dll
0x00007fff858e0000 - 0x00007fff85b73000 	C:\WINDOWS\WinSxS\amd64_microsoft.windows.common-controls_6595b64144ccf1df_6.0.22621.3672_none_2713b9d173822955\COMCTL32.dll
0x00007fff9bbd0000 - 0x00007fff9bce9000 	C:\WINDOWS\System32\gdi32full.dll
0x00007fff9b780000 - 0x00007fff9b81a000 	C:\WINDOWS\System32\msvcp_win.dll
0x00007fff9a050000 - 0x00007fff9a05a000 	C:\WINDOWS\SYSTEM32\VERSION.dll
0x00007fff9c2e0000 - 0x00007fff9c311000 	C:\WINDOWS\System32\IMM32.DLL
0x00007fff8b050000 - 0x00007fff8b05c000 	C:\Program Files\Java\jdk-20\bin\vcruntime140_1.dll
0x00007fff6e890000 - 0x00007fff6e91e000 	C:\Program Files\Java\jdk-20\bin\msvcp140.dll
0x00007fff25fe0000 - 0x00007fff26c77000 	C:\Program Files\Java\jdk-20\bin\server\jvm.dll
0x00007fff938f0000 - 0x00007fff93924000 	C:\WINDOWS\SYSTEM32\WINMM.dll
0x00007fff8fc80000 - 0x00007fff8fc89000 	C:\WINDOWS\SYSTEM32\WSOCK32.dll
0x00007fff9c180000 - 0x00007fff9c1f1000 	C:\WINDOWS\System32\WS2_32.dll
0x00007fff9a3b0000 - 0x00007fff9a3c8000 	C:\WINDOWS\SYSTEM32\kernel.appcore.dll
0x00007fff89b10000 - 0x00007fff89b1a000 	C:\Program Files\Java\jdk-20\bin\jimage.dll
0x00007fff98670000 - 0x00007fff988a2000 	C:\WINDOWS\SYSTEM32\DBGHELP.DLL
0x00007fff9d9b0000 - 0x00007fff9dd38000 	C:\WINDOWS\System32\combase.dll
0x00007fff9c0a0000 - 0x00007fff9c177000 	C:\WINDOWS\System32\OLEAUT32.dll
0x00007fff92080000 - 0x00007fff920b2000 	C:\WINDOWS\SYSTEM32\dbgcore.DLL
0x00007fff9b4f0000 - 0x00007fff9b56b000 	C:\WINDOWS\System32\bcryptPrimitives.dll
0x00007fff77090000 - 0x00007fff770b6000 	C:\Program Files\Java\jdk-20\bin\java.dll
0x00007fff44a10000 - 0x00007fff44ae7000 	C:\Program Files\Java\jdk-20\bin\jsvml.dll
0x00007fff9c530000 - 0x00007fff9cd8c000 	C:\WINDOWS\System32\SHELL32.dll
0x00007fff996d0000 - 0x00007fff99fc7000 	C:\WINDOWS\SYSTEM32\windows.storage.dll
0x00007fff99590000 - 0x00007fff996cf000 	C:\WINDOWS\SYSTEM32\wintypes.dll
0x00007fff9de00000 - 0x00007fff9def4000 	C:\WINDOWS\System32\SHCORE.dll
0x00007fff9c200000 - 0x00007fff9c25e000 	C:\WINDOWS\System32\shlwapi.dll
0x00007fff9b2b0000 - 0x00007fff9b2d1000 	C:\WINDOWS\SYSTEM32\profapi.dll
0x00007fff75870000 - 0x00007fff75883000 	C:\Program Files\Java\jdk-20\bin\net.dll
0x00007fff948f0000 - 0x00007fff94a26000 	C:\WINDOWS\SYSTEM32\WINHTTP.dll
0x00007fff9a820000 - 0x00007fff9a889000 	C:\WINDOWS\system32\mswsock.dll
0x00007fff72400000 - 0x00007fff72416000 	C:\Program Files\Java\jdk-20\bin\nio.dll
0x00007fff723e0000 - 0x00007fff723f8000 	C:\Program Files\Java\jdk-20\bin\zip.dll
0x00007fff2ca40000 - 0x00007fff2cbd1000 	C:\Program Files\Java\jdk-20\bin\awt.dll
0x00007fff93f00000 - 0x00007fff93f97000 	C:\WINDOWS\SYSTEM32\apphelp.dll
0x00007fff989a0000 - 0x00007fff989cb000 	C:\WINDOWS\system32\DWMAPI.DLL
0x00007fff98150000 - 0x00007fff981fa000 	C:\WINDOWS\system32\uxtheme.dll
0x00007fff709a0000 - 0x00007fff70aa0000 	C:\WINDOWS\system32\opengl32.dll
0x00007fff76dc0000 - 0x00007fff76ded000 	C:\WINDOWS\SYSTEM32\GLU32.dll
0x00007fff98460000 - 0x00007fff98499000 	C:\WINDOWS\SYSTEM32\dxcore.dll
0x00007fff9c3d0000 - 0x00007fff9c523000 	C:\WINDOWS\System32\MSCTF.dll
0x00007fff9d800000 - 0x00007fff9d9a5000 	C:\WINDOWS\System32\ole32.dll

dbghelp: loaded successfully - version: 4.0.5 - missing functions: none
symbol engine: initialized successfully - sym options: 0x614 - pdb path: .;C:\Program Files\Java\jdk-20\bin;C:\WINDOWS\SYSTEM32;C:\WINDOWS\WinSxS\amd64_microsoft.windows.common-controls_6595b64144ccf1df_6.0.22621.3672_none_2713b9d173822955;C:\Program Files\Java\jdk-20\bin\server

VM Arguments:
jvm_args: -Dfile.encoding=UTF-8 --module-path=D:\Personal Blog Website\bank management system\build\classes 
java_command: bank.management.system.Login
java_class_path (initial): D:\Personal Blog Website\bank management system\jcalendar-1.4.jar;D:\Personal Blog Website\bank management system\mysql-connector-java-8.0.28.jar;D:\Personal Blog Website\bank management system\build\classes
Launcher Type: SUN_STANDARD

[Global flags]
     intx CICompilerCount                          = 4                                         {product} {ergonomic}
     uint ConcGCThreads                            = 2                                         {product} {ergonomic}
     uint G1ConcRefinementThreads                  = 8                                         {product} {ergonomic}
   size_t G1HeapRegionSize                         = 1048576                                   {product} {ergonomic}
    uintx GCDrainStackTargetSize                   = 64                                        {product} {ergonomic}
   size_t InitialHeapSize                          = 130023424                                 {product} {ergonomic}
   size_t MarkStackSize                            = 4194304                                   {product} {ergonomic}
   size_t MaxHeapSize                              = 2063597568                                {product} {ergonomic}
   size_t MaxNewSize                               = 1237319680                                {product} {ergonomic}
   size_t MinHeapDeltaBytes                        = 1048576                                   {product} {ergonomic}
   size_t MinHeapSize                              = 8388608                                   {product} {ergonomic}
    uintx NonNMethodCodeHeapSize                   = 5839372                                {pd product} {ergonomic}
    uintx NonProfiledCodeHeapSize                  = 122909434                              {pd product} {ergonomic}
    uintx ProfiledCodeHeapSize                     = 122909434                              {pd product} {ergonomic}
    uintx ReservedCodeCacheSize                    = 251658240                              {pd product} {ergonomic}
     bool SegmentedCodeCache                       = true                                      {product} {ergonomic}
   size_t SoftMaxHeapSize                          = 2063597568                             {manageable} {ergonomic}
     bool UseCompressedClassPointers               = true                           {product lp64_product} {ergonomic}
     bool UseCompressedOops                        = true                           {product lp64_product} {ergonomic}
     bool UseG1GC                                  = true                                      {product} {ergonomic}
     bool UseLargePagesIndividualAllocation        = false                                  {pd product} {ergonomic}

Logging:
Log output configuration:
 #0: stdout all=warning uptime,level,tags foldmultilines=false
 #1: stderr all=off uptime,level,tags foldmultilines=false

Environment Variables:
JAVA_HOME=C:\Program Files\Java\jdk-18.0.1.1
PATH=C:\Python312\Scripts\;C:\Python312\;C:\Program Files\Common Files\Oracle\Java\javapath;C:\WINDOWS\system32;C:\WINDOWS;C:\WINDOWS\System32\Wbem;C:\WINDOWS\System32\WindowsPowerShell\v1.0\;C:\WINDOWS\System32\OpenSSH\;C:\Program Files\Microsoft SQL Server\Client SDK\ODBC\170\Tools\Binn\;C:\Program Files (x86)\Microsoft SQL Server\150\Tools\Binn\;C:\Program Files\Microsoft SQL Server\150\Tools\Binn\;C:\Program Files\Microsoft SQL Server\150\DTS\Binn\;C:\Program Files\MySQL\MySQL Server 8.0\bin;C:\Program Files\Java\jdk-18.0.1.1\bin;C:\MinGW\bin;C:\Program Files\MySQL\MySQL Server 8.0\bin;C:\ProgramData\chocolatey\bin;C:\Program Files\;C:\Program Files\Git\cmd;C:\Users\Pratiksha\AppData\Local\Programs\Python\Python39\Scripts\;C:\Users\Pratiksha\AppData\Local\Programs\Python\Python39\;C:\Program Files\MySQL\MySQL Shell 8.0\bin\;C:\Users\Pratiksha\AppData\Local\Microsoft\WindowsApps;C:\Users\Pratiksha\AppData\Local\Programs\Microsoft VS Code\bin;C:\xampp\mysql\bin;C:\Users\Pratiksha\AppData\Local\JetBrains\IntelliJ IDEA Community Edition 2023.2.4\bin;;C:\Users\Pratiksha\AppData\Roaming\npm;C:\Users\Pratiksha\PyCharm Community Edition 2023.3.3\bin;;C:\Users\Pratiksha\AppData\Local\Programs\Python\Python312\Scripts;C:\Users\Pratiksha\AppData\Local\GitHubDesktop\bin
USERNAME=Pratiksha
OS=Windows_NT
PROCESSOR_IDENTIFIER=Intel64 Family 6 Model 140 Stepping 1, GenuineIntel
TMP=C:\Users\PRATIK~1\AppData\Local\Temp
TEMP=C:\Users\PRATIK~1\AppData\Local\Temp




---------------  S Y S T E M  ---------------

OS:
 Windows 11 , 64 bit Build 22621 (10.0.22621.3672)
OS uptime: 10 days 16:29 hours

CPU: total 8 (initial active 8) (4 cores per cpu, 2 threads per core) family 6 model 140 stepping 1 microcode 0x86, cx8, cmov, fxsr, ht, mmx, 3dnowpref, sse, sse2, sse3, ssse3, sse4.1, sse4.2, popcnt, lzcnt, tsc, tscinvbit, avx, avx2, aes, erms, clmul, bmi1, bmi2, adx, avx512f, avx512dq, avx512cd, avx512bw, avx512vl, sha, fma, vzeroupper, avx512_vpopcntdq, avx512_vpclmulqdq, avx512_vaes, avx512_vnni, clflush, clflushopt, clwb, avx512_vbmi2, avx512_vbmi, rdtscp, rdpid, fsrm, gfni, avx512_bitalg, f16c, pku, cet_ibt, cet_ss, avx512_ifma

Memory: 4k page, system-wide physical 7871M (809M free)
TotalPageFile size 30321M (AvailPageFile size 4M)
current process WorkingSet (physical memory assigned to process): 45M, peak: 45M
current process commit charge ("private bytes"): 208M, peak: 208M

vm_info: Java HotSpot(TM) 64-Bit Server VM (20.0.1+9-29) for windows-amd64 JRE (20.0.1+9-29), built on 2023-03-07T13:56:11Z by "mach5one" with MS VC++ 17.1 (VS2022)

END.
