#
# There is insufficient memory for the Java Runtime Environment to continue.
# Native memory allocation (mmap) failed to map 130023424 bytes for G1 virtual space
# Possible reasons:
#   The system is out of physical RAM or swap space
#   The process is running with CompressedOops enabled, and the Java Heap may be blocking the growth of the native heap
# Possible solutions:
#   Reduce memory load on the system
#   Increase physical memory or swap space
#   Check if swap backing store is full
#   Decrease Java heap size (-Xmx/-Xms)
#   Decrease number of Java threads
#   Decrease Java thread stack sizes (-Xss)
#   Set larger code cache with -XX:ReservedCodeCacheSize=
#   JVM is running with Unscaled Compressed Oops mode in which the Java heap is
#     placed in the first 4GB address space. The Java Heap base address is the
#     maximum limit for the native heap growth. Please use -XX:HeapBaseMinAddress
#     to set the Java Heap base and to place the Java Heap above 4GB virtual address.
# This output file may be truncated or incomplete.
#
#  Out of Memory Error (os_windows.cpp:3528), pid=18024, tid=23484
#
# JRE version:  (20.0.1+9) (build )
# Java VM: Java HotSpot(TM) 64-Bit Server VM (20.0.1+9-29, mixed mode, sharing, tiered, compressed oops, compressed class ptrs, g1 gc, windows-amd64)
# No core dump will be written. Minidumps are not enabled by default on client versions of Windows
#

---------------  S U M M A R Y ------------

Command Line: -Dfile.encoding=UTF-8 --module-path=D:\Personal Blog Website\bank management system\build\classes bank.management.system.SignupOne

Host: 11th Gen Intel(R) Core(TM) i5-1135G7 @ 2.40GHz, 8 cores, 7G,  Windows 11 , 64 bit Build 22621 (10.0.22621.3672)
Time: Thu Jun 27 14:08:29 2024 India Standard Time elapsed time: 0.008091 seconds (0d 0h 0m 0s)

---------------  T H R E A D  ---------------

Current thread (0x0000029f0e9df990):  JavaThread "Unknown thread" [_thread_in_vm, id=23484, stack(0x000000d478100000,0x000000d478200000)]

Stack: [0x000000d478100000,0x000000d478200000]
Native frames: (J=compiled Java code, j=interpreted, Vv=VM code, C=native code)
V  [jvm.dll+0x6bb95a]
V  [jvm.dll+0x8485fa]
V  [jvm.dll+0x84a1f5]
V  [jvm.dll+0x84a8f3]
V  [jvm.dll+0x280b0f]
V  [jvm.dll+0x6b86e9]
V  [jvm.dll+0x6ad2da]
V  [jvm.dll+0x35adf5]
V  [jvm.dll+0x363016]
V  [jvm.dll+0x3b3b3e]
V  [jvm.dll+0x3b3dc5]
V  [jvm.dll+0x32b50a]
V  [jvm.dll+0x32c32b]
V  [jvm.dll+0x8112bf]
V  [jvm.dll+0x3c0d91]
V  [jvm.dll+0x7fcfe3]
V  [jvm.dll+0x44c76f]
V  [jvm.dll+0x44e0e1]
C  [jli.dll+0x5287]
C  [ucrtbase.dll+0x29333]
C  [KERNEL32.DLL+0x1257d]
C  [ntdll.dll+0x5af28]


---------------  P R O C E S S  ---------------

Threads class SMR info:
_java_thread_list=0x00007fff4d65a098, length=0, elements={
}

Java Threads: ( => current thread )

Other Threads:
  0x0000029f0ea3d540 WorkerThread "GC Thread#0" [stack: 0x000000d478200000,0x000000d478300000] [id=19496]
  0x0000029f0ea4da50 ConcurrentGCThread "G1 Main Marker" [stack: 0x000000d478300000,0x000000d478400000] [id=28708]
  0x0000029f0ea4e620 WorkerThread "G1 Conc#0" [stack: 0x000000d478400000,0x000000d478500000] [id=29464]

[error occurred during error reporting (printing all threads), id 0xc0000005, EXCEPTION_ACCESS_VIOLATION (0xc0000005) at pc=0x00007fff4ce3eb47]
VM state: not at safepoint (not fully initialized)

VM Mutex/Monitor currently owned by a thread:  ([mutex/lock_event])
[0x0000029f0e9da0c0] Heap_lock - owner thread: 0x0000029f0e9df990

Heap address: 0x0000000085000000, size: 1968 MB, Compressed Oops mode: 32-bit

CDS archive(s) mapped at: [0x0000000000000000-0x0000000000000000-0x0000000000000000), size 0, SharedBaseAddress: 0x0000000800000000, ArchiveRelocationMode: 0.
Narrow klass base: 0x0000000000000000, Narrow klass shift: 0, Narrow klass range: 0x0

GC Precious Log:
 CardTable entry size: 512
 Card Set container configuration: InlinePtr #cards 5 size 8 Array Of Cards #cards 12 size 40 Howl #buckets 4 coarsen threshold 1843 Howl Bitmap #cards 512 size 80 coarsen threshold 460 Card regions per heap region 1 cards per card region 2048

Heap:
 garbage-first heap   total 0K, used 0K [0x0000000085000000, 0x0000000100000000)
  region size 1024K, 0 young (0K), 0 survivors (0K)

[error occurred during error reporting (printing heap information), id 0xc0000005, EXCEPTION_ACCESS_VIOLATION (0xc0000005) at pc=0x00007fff4d213c59]
GC Heap History (0 events):
No events

Dll operation events (1 events):
Event: 0.005 Loaded shared library C:\Program Files\Java\jdk-20\bin\java.dll

Deoptimization events (0 events):
No events

Classes loaded (0 events):
No events

Classes unloaded (0 events):
No events

Classes redefined (0 events):
No events

Internal exceptions (0 events):
No events

VM Operations (0 events):
No events

Events (0 events):
No events


Dynamic libraries:
0x00007ff68bfa0000 - 0x00007ff68bfb0000 	C:\Program Files\Java\jdk-20\bin\java.exe
0x00007fff9e050000 - 0x00007fff9e267000 	C:\WINDOWS\SYSTEM32\ntdll.dll
0x00007fff9be40000 - 0x00007fff9bf04000 	C:\WINDOWS\System32\KERNEL32.DLL
0x00007fff9b820000 - 0x00007fff9bbcc000 	C:\WINDOWS\System32\KERNELBASE.dll
0x00007fff9b570000 - 0x00007fff9b681000 	C:\WINDOWS\System32\ucrtbase.dll
0x00007fff8d1d0000 - 0x00007fff8d1eb000 	C:\Program Files\Java\jdk-20\bin\VCRUNTIME140.dll
0x00007fff909b0000 - 0x00007fff909c9000 	C:\Program Files\Java\jdk-20\bin\jli.dll
0x00007fff9dd40000 - 0x00007fff9ddf2000 	C:\WINDOWS\System32\ADVAPI32.dll
0x00007fff9df60000 - 0x00007fff9e007000 	C:\WINDOWS\System32\msvcrt.dll
0x00007fff9d540000 - 0x00007fff9d5ea000 	C:\WINDOWS\System32\sechost.dll
0x00007fff9b750000 - 0x00007fff9b778000 	C:\WINDOWS\System32\bcrypt.dll
0x00007fff9cfa0000 - 0x00007fff9d0b5000 	C:\WINDOWS\System32\RPCRT4.dll
0x00007fff9d650000 - 0x00007fff9d7fe000 	C:\WINDOWS\System32\USER32.dll
0x00007fff9bcf0000 - 0x00007fff9bd16000 	C:\WINDOWS\System32\win32u.dll
0x00007fff858e0000 - 0x00007fff85b73000 	C:\WINDOWS\WinSxS\amd64_microsoft.windows.common-controls_6595b64144ccf1df_6.0.22621.3672_none_2713b9d173822955\COMCTL32.dll
0x00007fff9c320000 - 0x00007fff9c349000 	C:\WINDOWS\System32\GDI32.dll
0x00007fff9bbd0000 - 0x00007fff9bce9000 	C:\WINDOWS\System32\gdi32full.dll
0x00007fff9b780000 - 0x00007fff9b81a000 	C:\WINDOWS\System32\msvcp_win.dll
0x00007fff9a050000 - 0x00007fff9a05a000 	C:\WINDOWS\SYSTEM32\VERSION.dll
0x00007fff9c2e0000 - 0x00007fff9c311000 	C:\WINDOWS\System32\IMM32.DLL
0x00007fff8d930000 - 0x00007fff8d93c000 	C:\Program Files\Java\jdk-20\bin\vcruntime140_1.dll
0x00007fff57e70000 - 0x00007fff57efe000 	C:\Program Files\Java\jdk-20\bin\msvcp140.dll
0x00007fff4cb00000 - 0x00007fff4d797000 	C:\Program Files\Java\jdk-20\bin\server\jvm.dll
0x00007fff90a60000 - 0x00007fff90a69000 	C:\WINDOWS\SYSTEM32\WSOCK32.dll
0x00007fff938f0000 - 0x00007fff93924000 	C:\WINDOWS\SYSTEM32\WINMM.dll
0x00007fff9c180000 - 0x00007fff9c1f1000 	C:\WINDOWS\System32\WS2_32.dll
0x00007fff9a3b0000 - 0x00007fff9a3c8000 	C:\WINDOWS\SYSTEM32\kernel.appcore.dll
0x00007fff8d180000 - 0x00007fff8d18a000 	C:\Program Files\Java\jdk-20\bin\jimage.dll
0x00007fff98670000 - 0x00007fff988a2000 	C:\WINDOWS\SYSTEM32\DBGHELP.DLL
0x00007fff9d9b0000 - 0x00007fff9dd38000 	C:\WINDOWS\System32\combase.dll
0x00007fff9c0a0000 - 0x00007fff9c177000 	C:\WINDOWS\System32\OLEAUT32.dll
0x00007fff92080000 - 0x00007fff920b2000 	C:\WINDOWS\SYSTEM32\dbgcore.DLL
0x00007fff9b4f0000 - 0x00007fff9b56b000 	C:\WINDOWS\System32\bcryptPrimitives.dll
0x00007fff8a250000 - 0x00007fff8a276000 	C:\Program Files\Java\jdk-20\bin\java.dll

dbghelp: loaded successfully - version: 4.0.5 - missing functions: none
symbol engine: initialized successfully - sym options: 0x614 - pdb path: .;C:\Program Files\Java\jdk-20\bin;C:\WINDOWS\SYSTEM32;C:\WINDOWS\WinSxS\amd64_microsoft.windows.common-controls_6595b64144ccf1df_6.0.22621.3672_none_2713b9d173822955;C:\Program Files\Java\jdk-20\bin\server

VM Arguments:
jvm_args: -Dfile.encoding=UTF-8 --module-path=D:\Personal Blog Website\bank management system\build\classes 
java_command: bank.management.system.SignupOne
java_class_path (initial): D:\Personal Blog Website\bank management system\jcalendar-1.4.jar;D:\Personal Blog Website\bank management system\build\classes
Launcher Type: SUN_STANDARD

[Global flags]
     intx CICompilerCount                          = 4                                         {product} {ergonomic}
     uint ConcGCThreads                            = 2                                         {product} {ergonomic}
     uint G1ConcRefinementThreads                  = 8                                         {product} {ergonomic}
   size_t G1HeapRegionSize                         = 1048576                                   {product} {ergonomic}
    uintx GCDrainStackTargetSize                   = 64                                        {product} {ergonomic}
   size_t InitialHeapSize                          = 130023424                                 {product} {ergonomic}
   size_t MarkStackSize                            = 4194304                                   {product} {ergonomic}
   size_t MaxHeapSize                              = 2063597568                                {product} {ergonomic}
   size_t MinHeapDeltaBytes                        = 1048576                                   {product} {ergonomic}
   size_t MinHeapSize                              = 8388608                                   {product} {ergonomic}
    uintx NonNMethodCodeHeapSize                   = 5839372                                {pd product} {ergonomic}
    uintx NonProfiledCodeHeapSize                  = 122909434                              {pd product} {ergonomic}
    uintx ProfiledCodeHeapSize                     = 122909434                              {pd product} {ergonomic}
    uintx ReservedCodeCacheSize                    = 251658240                              {pd product} {ergonomic}
     bool SegmentedCodeCache                       = true                                      {product} {ergonomic}
   size_t SoftMaxHeapSize                          = 2063597568                             {manageable} {ergonomic}
     bool UseCompressedClassPointers               = true                           {product lp64_product} {ergonomic}
     bool UseCompressedOops                        = true                           {product lp64_product} {ergonomic}
     bool UseG1GC                                  = true                                      {product} {ergonomic}
     bool UseLargePagesIndividualAllocation        = false                                  {pd product} {ergonomic}

Logging:
Log output configuration:
 #0: stdout all=warning uptime,level,tags foldmultilines=false
 #1: stderr all=off uptime,level,tags foldmultilines=false

Environment Variables:
JAVA_HOME=C:\Program Files\Java\jdk-18.0.1.1
PATH=C:\Python312\Scripts\;C:\Python312\;C:\Program Files\Common Files\Oracle\Java\javapath;C:\WINDOWS\system32;C:\WINDOWS;C:\WINDOWS\System32\Wbem;C:\WINDOWS\System32\WindowsPowerShell\v1.0\;C:\WINDOWS\System32\OpenSSH\;C:\Program Files\Microsoft SQL Server\Client SDK\ODBC\170\Tools\Binn\;C:\Program Files (x86)\Microsoft SQL Server\150\Tools\Binn\;C:\Program Files\Microsoft SQL Server\150\Tools\Binn\;C:\Program Files\Microsoft SQL Server\150\DTS\Binn\;C:\Program Files\MySQL\MySQL Server 8.0\bin;C:\Program Files\Java\jdk-18.0.1.1\bin;C:\MinGW\bin;C:\Program Files\MySQL\MySQL Server 8.0\bin;C:\ProgramData\chocolatey\bin;C:\Program Files\;C:\Program Files\Git\cmd;C:\Users\Pratiksha\AppData\Local\Programs\Python\Python39\Scripts\;C:\Users\Pratiksha\AppData\Local\Programs\Python\Python39\;C:\Program Files\MySQL\MySQL Shell 8.0\bin\;C:\Users\Pratiksha\AppData\Local\Microsoft\WindowsApps;C:\Users\Pratiksha\AppData\Local\Programs\Microsoft VS Code\bin;C:\xampp\mysql\bin;C:\Users\Pratiksha\AppData\Local\JetBrains\IntelliJ IDEA Community Edition 2023.2.4\bin;;C:\Users\Pratiksha\AppData\Roaming\npm;C:\Users\Pratiksha\PyCharm Community Edition 2023.3.3\bin;;C:\Users\Pratiksha\AppData\Local\Programs\Python\Python312\Scripts;C:\Users\Pratiksha\AppData\Local\GitHubDesktop\bin
USERNAME=Pratiksha
OS=Windows_NT
PROCESSOR_IDENTIFIER=Intel64 Family 6 Model 140 Stepping 1, GenuineIntel
TMP=C:\Users\PRATIK~1\AppData\Local\Temp
TEMP=C:\Users\PRATIK~1\AppData\Local\Temp




---------------  S Y S T E M  ---------------

OS:
 Windows 11 , 64 bit Build 22621 (10.0.22621.3672)
OS uptime: 8 days 13:24 hours

CPU: total 8 (initial active 8) (4 cores per cpu, 2 threads per core) family 6 model 140 stepping 1 microcode 0x86, cx8, cmov, fxsr, ht, mmx, 3dnowpref, sse, sse2, sse3, ssse3, sse4.1, sse4.2, popcnt, lzcnt, tsc, tscinvbit, avx, avx2, aes, erms, clmul, bmi1, bmi2, adx, avx512f, avx512dq, avx512cd, avx512bw, avx512vl, sha, fma, vzeroupper, avx512_vpopcntdq, avx512_vpclmulqdq, avx512_vaes, avx512_vnni, clflush, clflushopt, clwb, avx512_vbmi2, avx512_vbmi, rdtscp, rdpid, fsrm, gfni, avx512_bitalg, f16c, pku, cet_ibt, cet_ss, avx512_ifma

Memory: 4k page, system-wide physical 7871M (586M free)
TotalPageFile size 30321M (AvailPageFile size 11M)
current process WorkingSet (physical memory assigned to process): 11M, peak: 11M
current process commit charge ("private bytes"): 60M, peak: 184M

vm_info: Java HotSpot(TM) 64-Bit Server VM (20.0.1+9-29) for windows-amd64 JRE (20.0.1+9-29), built on 2023-03-07T13:56:11Z by "mach5one" with MS VC++ 17.1 (VS2022)

END.
